# JRE version: Java(TM) SE Runtime Environment (8.0_131-b11) (build 1.8.0_131-b11)
# Java VM: Java HotSpot(TM) 64-Bit Server VM (25.131-b11 mixed mode windows-amd64 compressed oops)
Heap:
 PSYoungGen      total 57856K, used 27440K [0x000000076b300000, 0x000000076f100000, 0x00000007c0000000)
  eden space 54272K, 50% used [0x000000076b300000,0x000000076cdbc170,0x000000076e800000)
  from space 3584K, 1% used [0x000000076ed80000,0x000000076ed90000,0x000000076f100000)
  to   space 4608K, 0% used [0x000000076e800000,0x000000076e800000,0x000000076ec80000)
 ParOldGen       total 175104K, used 2667K [0x00000006c1800000, 0x00000006cc300000, 0x000000076b300000)
  object space 175104K, 1% used [0x00000006c1800000,0x00000006c1a9acd0,0x00000006cc300000)
 Metaspace       used 11552K, capacity 11734K, committed 11904K, reserved 1060864K
  class space    used 1225K, capacity 1294K, committed 1408K, reserved 1048576K
GC Heap History (10 events):
Event: 79.664 GC heap before
{Heap before GC invocations=10 (full 0):
 PSYoungGen      total 64000K, used 59520K [0x000000076b300000, 0x000000076f780000, 0x00000007c0000000)
  eden space 59392K, 100% used [0x000000076b300000,0x000000076ed00000,0x000000076ed00000)
  from space 4608K, 2% used [0x000000076ee80000,0x000000076eea0000,0x000000076f300000)
  to   space 4608K, 0% used [0x000000076f300000,0x000000076f300000,0x000000076f780000)
 ParOldGen       total 175104K, used 2667K [0x00000006c1800000, 0x00000006cc300000, 0x000000076b300000)
  object space 175104K, 1% used [0x00000006c1800000,0x00000006c1a9acd0,0x00000006cc300000)
 Metaspace       used 11544K, capacity 11734K, committed 11904K, reserved 1060864K
  class space    used 1224K, capacity 1294K, committed 1408K, reserved 1048576K
Event: 79.665 GC heap after
Heap after GC invocations=10 (full 0):
 PSYoungGen      total 60416K, used 64K [0x000000076b300000, 0x000000076f500000, 0x00000007c0000000)
  eden space 58368K, 0% used [0x000000076b300000,0x000000076b300000,0x000000076ec00000)
  from space 2048K, 3% used [0x000000076f300000,0x000000076f310000,0x000000076f500000)
  to   space 4608K, 0% used [0x000000076ec00000,0x000000076ec00000,0x000000076f080000)
 ParOldGen       total 175104K, used 2667K [0x00000006c1800000, 0x00000006cc300000, 0x000000076b300000)
  object space 175104K, 1% used [0x00000006c1800000,0x00000006c1a9acd0,0x00000006cc300000)
 Metaspace       used 11544K, capacity 11734K, committed 11904K, reserved 1060864K
  class space    used 1224K, capacity 1294K, committed 1408K, reserved 1048576K
}
Event: 86.832 GC heap before
{Heap before GC invocations=11 (full 0):
 PSYoungGen      total 60416K, used 58432K [0x000000076b300000, 0x000000076f500000, 0x00000007c0000000)
  eden space 58368K, 100% used [0x000000076b300000,0x000000076ec00000,0x000000076ec00000)
  from space 2048K, 3% used [0x000000076f300000,0x000000076f310000,0x000000076f500000)
  to   space 4608K, 0% used [0x000000076ec00000,0x000000076ec00000,0x000000076f080000)
 ParOldGen       total 175104K, used 2667K [0x00000006c1800000, 0x00000006cc300000, 0x000000076b300000)
  object space 175104K, 1% used [0x00000006c1800000,0x00000006c1a9acd0,0x00000006cc300000)
 Metaspace       used 11544K, capacity 11734K, committed 11904K, reserved 1060864K
  class space    used 1224K, capacity 1294K, committed 1408K, reserved 1048576K
Event: 86.833 GC heap after
Heap after GC invocations=11 (full 0):
 PSYoungGen      total 57856K, used 64K [0x000000076b300000, 0x000000076f400000, 0x00000007c0000000)
  eden space 57344K, 0% used [0x000000076b300000,0x000000076b300000,0x000000076eb00000)
  from space 512K, 12% used [0x000000076ec00000,0x000000076ec10000,0x000000076ec80000)
  to   space 4608K, 0% used [0x000000076ef80000,0x000000076ef80000,0x000000076f400000)
 ParOldGen       total 175104K, used 2667K [0x00000006c1800000, 0x00000006cc300000, 0x000000076b300000)
  object space 175104K, 1% used [0x00000006c1800000,0x00000006c1a9acd0,0x00000006cc300000)
 Metaspace       used 11544K, capacity 11734K, committed 11904K, reserved 1060864K
  class space    used 1224K, capacity 1294K, committed 1408K, reserved 1048576K
}
Event: 93.812 GC heap before
{Heap before GC invocations=12 (full 0):
 PSYoungGen      total 57856K, used 57408K [0x000000076b300000, 0x000000076f400000, 0x00000007c0000000)
  eden space 57344K, 100% used [0x000000076b300000,0x000000076eb00000,0x000000076eb00000)
  from space 512K, 12% used [0x000000076ec00000,0x000000076ec10000,0x000000076ec80000)
  to   space 4608K, 0% used [0x000000076ef80000,0x000000076ef80000,0x000000076f400000)
 ParOldGen       total 175104K, used 2667K [0x00000006c1800000, 0x00000006cc300000, 0x000000076b300000)
  object space 175104K, 1% used [0x00000006c1800000,0x00000006c1a9acd0,0x00000006cc300000)
 Metaspace       used 11544K, capacity 11734K, committed 11904K, reserved 1060864K
  class space    used 1224K, capacity 1294K, committed 1408K, reserved 1048576K
Event: 93.813 GC heap after
Heap after GC invocations=12 (full 0):
 PSYoungGen      total 59904K, used 96K [0x000000076b300000, 0x000000076f300000, 0x00000007c0000000)
  eden space 56320K, 0% used [0x000000076b300000,0x000000076b300000,0x000000076ea00000)
  from space 3584K, 2% used [0x000000076ef80000,0x000000076ef98000,0x000000076f300000)
  to   space 4608K, 0% used [0x000000076ea00000,0x000000076ea00000,0x000000076ee80000)
 ParOldGen       total 175104K, used 2667K [0x00000006c1800000, 0x00000006cc300000, 0x000000076b300000)
  object space 175104K, 1% used [0x00000006c1800000,0x00000006c1a9acd0,0x00000006cc300000)
 Metaspace       used 11544K, capacity 11734K, committed 11904K, reserved 1060864K
  class space    used 1224K, capacity 1294K, committed 1408K, reserved 1048576K
}
Event: 100.884 GC heap before
{Heap before GC invocations=13 (full 0):
 PSYoungGen      total 59904K, used 56416K [0x000000076b300000, 0x000000076f300000, 0x00000007c0000000)
  eden space 56320K, 100% used [0x000000076b300000,0x000000076ea00000,0x000000076ea00000)
  from space 3584K, 2% used [0x000000076ef80000,0x000000076ef98000,0x000000076f300000)
  to   space 4608K, 0% used [0x000000076ea00000,0x000000076ea00000,0x000000076ee80000)
 ParOldGen       total 175104K, used 2667K [0x00000006c1800000, 0x00000006cc300000, 0x000000076b300000)
  object space 175104K, 1% used [0x00000006c1800000,0x00000006c1a9acd0,0x00000006cc300000)
 Metaspace       used 11544K, capacity 11734K, committed 11904K, reserved 1060864K
  class space    used 1224K, capacity 1294K, committed 1408K, reserved 1048576K
Event: 100.885 GC heap after
Heap after GC invocations=13 (full 0):
 PSYoungGen      total 55808K, used 96K [0x000000076b300000, 0x000000076f200000, 0x00000007c0000000)
  eden space 55296K, 0% used [0x000000076b300000,0x000000076b300000,0x000000076e900000)
  from space 512K, 18% used [0x000000076ea00000,0x000000076ea18000,0x000000076ea80000)
  to   space 4608K, 0% used [0x000000076ed80000,0x000000076ed80000,0x000000076f200000)
 ParOldGen       total 175104K, used 2667K [0x00000006c1800000, 0x00000006cc300000, 0x000000076b300000)
  object space 175104K, 1% used [0x00000006c1800000,0x00000006c1a9acd0,0x00000006cc300000)
 Metaspace       used 11544K, capacity 11734K, committed 11904K, reserved 1060864K
  class space    used 1224K, capacity 1294K, committed 1408K, reserved 1048576K
}
Event: 107.277 GC heap before
{Heap before GC invocations=14 (full 0):
 PSYoungGen      total 55808K, used 55392K [0x000000076b300000, 0x000000076f200000, 0x00000007c0000000)
  eden space 55296K, 100% used [0x000000076b300000,0x000000076e900000,0x000000076e900000)
  from space 512K, 18% used [0x000000076ea00000,0x000000076ea18000,0x000000076ea80000)
  to   space 4608K, 0% used [0x000000076ed80000,0x000000076ed80000,0x000000076f200000)
 ParOldGen       total 175104K, used 2667K [0x00000006c1800000, 0x00000006cc300000, 0x000000076b300000)
  object space 175104K, 1% used [0x00000006c1800000,0x00000006c1a9acd0,0x00000006cc300000)
 Metaspace       used 11544K, capacity 11734K, committed 11904K, reserved 1060864K
  class space    used 1224K, capacity 1294K, committed 1408K, reserved 1048576K
Event: 107.278 GC heap after
Heap after GC invocations=14 (full 0):
 PSYoungGen      total 57856K, used 64K [0x000000076b300000, 0x000000076f100000, 0x00000007c0000000)
  eden space 54272K, 0% used [0x000000076b300000,0x000000076b300000,0x000000076e800000)
  from space 3584K, 1% used [0x000000076ed80000,0x000000076ed90000,0x000000076f100000)
  to   space 4608K, 0% used [0x000000076e800000,0x000000076e800000,0x000000076ec80000)
 ParOldGen       total 175104K, used 2667K [0x00000006c1800000, 0x00000006cc300000, 0x000000076b300000)
  object space 175104K, 1% used [0x00000006c1800000,0x00000006c1a9acd0,0x00000006cc300000)
 Metaspace       used 11544K, capacity 11734K, committed 11904K, reserved 1060864K
  class space    used 1224K, capacity 1294K, committed 1408K, reserved 1048576K
}

